app/build/intermediates/manifest_merge_blame_file/debug/manifest-merger-blame-debug-report.txt
1<?xml version="1.0" encoding="utf-8"?>
2<manifest xmlns:android="http://schemas.android.com/apk/res/android"
3    package="com.android.CGKitDemo"
4    android:versionCode="1"
5    android:versionName="1.0" >
6
7    <uses-sdk
8        android:minSdkVersion="26"
8-->src\main\AndroidManifest.xml
9        android:targetSdkVersion="29" />
9-->src\main\AndroidManifest.xml
10
11    <uses-permission android:name="android.permission.WRITE_EXTERNAL_STORAGE" />
11-->src\main\AndroidManifest.xml:5:5-81
11-->src\main\AndroidManifest.xml:5:22-78
12    <uses-permission android:name="android.permission.READ_EXTERNAL_STORAGE" />
12-->src\main\AndroidManifest.xml:6:5-80
12-->src\main\AndroidManifest.xml:6:22-77
13
14    <application
14-->src\main\AndroidManifest.xml:8:5-29:19
15        android:allowBackup="true"
15-->src\main\AndroidManifest.xml:9:9-35
16        android:debuggable="true"
17        android:icon="@mipmap/ic_launcher"
17-->src\main\AndroidManifest.xml:10:9-43
18        android:label="@string/app_name"
18-->src\main\AndroidManifest.xml:11:9-41
19        android:roundIcon="@mipmap/ic_launcher_round"
19-->src\main\AndroidManifest.xml:12:9-54
20        android:supportsRtl="true"
20-->src\main\AndroidManifest.xml:13:9-35
21        android:testOnly="true"
22        android:theme="@style/NoTitle" >
22-->src\main\AndroidManifest.xml:14:9-39
23        <activity
23-->src\main\AndroidManifest.xml:15:9-28:20
24            android:name="android.app.NativeActivity"
24-->src\main\AndroidManifest.xml:15:19-60
25            android:alwaysRetainTaskState="true"
25-->src\main\AndroidManifest.xml:17:13-49
26            android:clearTaskOnLaunch="false"
26-->src\main\AndroidManifest.xml:18:13-46
27            android:configChanges="orientation|screenSize|smallestScreenSize|screenLayout"
27-->src\main\AndroidManifest.xml:16:13-91
28            android:launchMode="singleInstance" >
28-->src\main\AndroidManifest.xml:19:13-48
29
30            <!-- android:screenOrientation="portrait"> -->
31            <meta-data
31-->src\main\AndroidManifest.xml:21:13-22:44
32                android:name="android.app.lib_name"
32-->src\main\AndroidManifest.xml:21:24-59
33                android:value="main-lib" />
33-->src\main\AndroidManifest.xml:22:17-41
34
35            <intent-filter>
35-->src\main\AndroidManifest.xml:23:13-27:29
36                <action android:name="android.intent.action.MAIN" />
36-->src\main\AndroidManifest.xml:24:17-69
36-->src\main\AndroidManifest.xml:24:25-66
37
38                <category android:name="android.intent.category.LAUNCHER" />
38-->src\main\AndroidManifest.xml:26:17-77
38-->src\main\AndroidManifest.xml:26:27-74
39            </intent-filter>
40        </activity>
41    </application>
42
43</manifest>